<?xml version="1.0" encoding="UTF-8"?>
<testng-results ignored="23" total="29" passed="6" failed="0" skipped="0">
  <reporter-output>
    <line>
      <![CDATA[Tool is hard to work]]>
    </line>
  </reporter-output>
  <suite started-at="2022-07-31T13:30:12 IST" name="Suite" finished-at="2022-07-31T13:30:12 IST" duration-ms="79">
    <groups>
      <group name="RegressionTest">
        <method signature="AllAnnotationClass.deleteContact()[pri:0, instance:com.testNG.AllAnnotationClass@3e84448c]" name="deleteContact" class="com.testNG.AllAnnotationClass"/>
        <method signature="Program1.tool()[pri:0, instance:com.testNG.Program1@4efc180e]" name="tool" class="com.testNG.Program1"/>
      </group> <!-- RegressionTest -->
      <group name="smokeTest">
        <method signature="AllAnnotationClass.createContact()[pri:0, instance:com.testNG.AllAnnotationClass@3e84448c]" name="createContact" class="com.testNG.AllAnnotationClass"/>
        <method signature="AllAnnotationClass.deleteContact()[pri:0, instance:com.testNG.AllAnnotationClass@3e84448c]" name="deleteContact" class="com.testNG.AllAnnotationClass"/>
        <method signature="AllAnnotationClass.modifyContact()[pri:0, instance:com.testNG.AllAnnotationClass@3e84448c]" name="modifyContact" class="com.testNG.AllAnnotationClass"/>
        <method signature="Program1.tool()[pri:0, instance:com.testNG.Program1@4efc180e]" name="tool" class="com.testNG.Program1"/>
        <method signature="Program2.modifyContact()[pri:0, instance:com.testNG.Program2@5fbdfdcf]" name="modifyContact" class="com.testNG.Program2"/>
        <method signature="Program3.deleteContact2()[pri:0, instance:com.testNG.Program3@505fc5a4]" name="deleteContact2" class="com.testNG.Program3"/>
      </group> <!-- smokeTest -->
    </groups>
    <test started-at="2022-07-31T13:30:12 IST" name="Test" finished-at="2022-07-31T13:30:12 IST" duration-ms="79">
      <class name="com.testNG.Program3">
        <test-method signature="deleteContact2()[pri:0, instance:com.testNG.Program3@505fc5a4]" started-at="2022-07-31T13:30:12 IST" name="deleteContact2" finished-at="2022-07-31T13:30:12 IST" duration-ms="2" status="PASS">
          <reporter-output>
          </reporter-output>
        </test-method> <!-- deleteContact2 -->
      </class> <!-- com.testNG.Program3 -->
      <class name="com.testNG.Program2">
        <test-method signature="modifyContact()[pri:0, instance:com.testNG.Program2@5fbdfdcf]" started-at="2022-07-31T13:30:12 IST" name="modifyContact" finished-at="2022-07-31T13:30:12 IST" duration-ms="1" status="PASS">
          <reporter-output>
          </reporter-output>
        </test-method> <!-- modifyContact -->
      </class> <!-- com.testNG.Program2 -->
      <class name="com.testNG.AllAnnotationClass">
        <test-method signature="createContact()[pri:0, instance:com.testNG.AllAnnotationClass@3e84448c]" started-at="2022-07-31T13:30:12 IST" name="createContact" finished-at="2022-07-31T13:30:12 IST" duration-ms="18" status="PASS">
          <reporter-output>
          </reporter-output>
        </test-method> <!-- createContact -->
        <test-method signature="deleteContact()[pri:0, instance:com.testNG.AllAnnotationClass@3e84448c]" started-at="2022-07-31T13:30:12 IST" name="deleteContact" finished-at="2022-07-31T13:30:12 IST" duration-ms="1" status="PASS">
          <reporter-output>
          </reporter-output>
        </test-method> <!-- deleteContact -->
        <test-method signature="modifyContact()[pri:0, instance:com.testNG.AllAnnotationClass@3e84448c]" started-at="2022-07-31T13:30:12 IST" name="modifyContact" finished-at="2022-07-31T13:30:12 IST" duration-ms="1" status="PASS">
          <reporter-output>
          </reporter-output>
        </test-method> <!-- modifyContact -->
      </class> <!-- com.testNG.AllAnnotationClass -->
      <class name="com.testNG.Program1">
        <test-method signature="tool()[pri:0, instance:com.testNG.Program1@4efc180e]" started-at="2022-07-31T13:30:12 IST" name="tool" finished-at="2022-07-31T13:30:12 IST" duration-ms="4" status="PASS">
          <reporter-output>
            <line>
              <![CDATA[Tool is hard to work]]>
            </line>
          </reporter-output>
        </test-method> <!-- tool -->
      </class> <!-- com.testNG.Program1 -->
    </test> <!-- Test -->
  </suite> <!-- Suite -->
</testng-results>
