<?xml version="1.0" encoding="UTF-8"?>
<!-- Generated by org.testng.reporters.JUnitXMLReporter -->
<testsuite ignored="0" hostname="LAPTOP-845ACJGC" failures="0" tests="3" name="Default test" time="0.04" errors="0" timestamp="2022-07-28T21:25:38 IST">
  <testcase classname="com.testing.Program2" name="deleteContact" time="0.007"/>
  <testcase classname="com.testing.Program2" name="modifyContact" time="0.002"/>
  <testcase classname="com.testing.Program2" name="createContact" time="0.001"/>
</testsuite> <!-- Default test -->
