<?xml version="1.0" encoding="UTF-8"?>
<!-- Generated by org.testng.reporters.JUnitXMLReporter -->
<testsuite ignored="23" hostname="LAPTOP-845ACJGC" failures="0" tests="6" name="Test" time="0.079" errors="0" timestamp="2022-07-31T13:30:13 IST">
  <testcase classname="com.testNG.AllAnnotationClass" name="createContact" time="0.018"/>
  <testcase classname="com.testNG.AllAnnotationClass" name="deleteContact" time="0.001"/>
  <testcase classname="com.testNG.AllAnnotationClass" name="modifyContact" time="0.001"/>
  <testcase classname="com.testNG.Program3" name="deleteContact2" time="0.002"/>
  <testcase classname="com.testNG.Program2" name="modifyContact" time="0.001"/>
  <testcase classname="com.testNG.Program1" name="tool" time="0.004"/>
  <testcase classname="com.testNG.Program1" name="park" time="0.0">
    <ignored/>
  </testcase> <!-- park -->
  <testcase classname="com.testNG.Program1" name="talk" time="0.0">
    <ignored/>
  </testcase> <!-- talk -->
  <testcase classname="com.testNG.Program3" name="modifyContact2" time="0.0">
    <ignored/>
  </testcase> <!-- modifyContact2 -->
  <testcase classname="com.testNG.Program1" name="well" time="0.0">
    <ignored/>
  </testcase> <!-- well -->
  <testcase classname="com.testNG.Program1" name="age" time="0.0">
    <ignored/>
  </testcase> <!-- age -->
  <testcase classname="com.testNG.Program1" name="demo" time="0.0">
    <ignored/>
  </testcase> <!-- demo -->
  <testcase classname="com.testNG.Program1" name="hill" time="0.0">
    <ignored/>
  </testcase> <!-- hill -->
  <testcase classname="com.testNG.Program1" name="King" time="0.0">
    <ignored/>
  </testcase> <!-- King -->
  <testcase classname="com.testNG.Program1" name="music" time="0.0">
    <ignored/>
  </testcase> <!-- music -->
  <testcase classname="com.testNG.Program2" name="deleteContact" time="0.0">
    <ignored/>
  </testcase> <!-- deleteContact -->
  <testcase classname="com.testNG.Program1" name="warm" time="0.0">
    <ignored/>
  </testcase> <!-- warm -->
  <testcase classname="com.testNG.Program1" name="tour" time="0.0">
    <ignored/>
  </testcase> <!-- tour -->
  <testcase classname="com.testNG.Program1" name="food" time="0.0">
    <ignored/>
  </testcase> <!-- food -->
  <testcase classname="com.testNG.Program1" name="house" time="0.0">
    <ignored/>
  </testcase> <!-- house -->
  <testcase classname="com.testNG.Program1" name="gone" time="0.0">
    <ignored/>
  </testcase> <!-- gone -->
  <testcase classname="com.testNG.Program1" name="speed" time="0.0">
    <ignored/>
  </testcase> <!-- speed -->
  <testcase classname="com.testNG.Program1" name="cool" time="0.0">
    <ignored/>
  </testcase> <!-- cool -->
  <testcase classname="com.testNG.Program1" name="test" time="0.0">
    <ignored/>
  </testcase> <!-- test -->
  <testcase classname="com.testNG.Program1" name="work" time="0.0">
    <ignored/>
  </testcase> <!-- work -->
  <testcase classname="com.testNG.Program2" name="createContact" time="0.0">
    <ignored/>
  </testcase> <!-- createContact -->
  <testcase classname="com.testNG.Program1" name="shop" time="0.0">
    <ignored/>
  </testcase> <!-- shop -->
  <testcase classname="com.testNG.Program3" name="createContact2" time="0.0">
    <ignored/>
  </testcase> <!-- createContact2 -->
  <testcase classname="com.testNG.Program1" name="study" time="0.0">
    <ignored/>
  </testcase> <!-- study -->
</testsuite> <!-- Test -->
